2023/07/11 15:20:38 [notice] 1#1: using the "epoll" event method
2023/07/11 15:20:38 [notice] 1#1: nginx/1.25.1
2023/07/11 15:20:38 [notice] 1#1: built by gcc 12.2.1 20220924 (Alpine 12.2.1_git20220924-r4) 
2023/07/11 15:20:38 [notice] 1#1: OS: Linux 5.15.49-linuxkit
2023/07/11 15:20:38 [notice] 1#1: getrlimit(RLIMIT_NOFILE): 1048576:1048576
2023/07/11 15:20:38 [notice] 1#1: start worker processes
2023/07/11 15:20:38 [notice] 1#1: start worker process 29
2023/07/11 15:20:38 [notice] 1#1: start worker process 30
2023/07/11 15:43:57 [notice] 1#1: signal 3 (SIGQUIT) received, shutting down
2023/07/11 15:43:57 [notice] 30#30: gracefully shutting down
2023/07/11 15:43:57 [notice] 29#29: gracefully shutting down
2023/07/11 15:43:57 [notice] 30#30: exiting
2023/07/11 15:43:57 [notice] 29#29: exiting
2023/07/11 15:43:57 [notice] 29#29: exit
2023/07/11 15:43:57 [notice] 30#30: exit
2023/07/11 15:43:57 [notice] 1#1: signal 17 (SIGCHLD) received from 30
2023/07/11 15:43:57 [notice] 1#1: worker process 30 exited with code 0
2023/07/11 15:43:57 [notice] 1#1: signal 29 (SIGIO) received
2023/07/11 15:43:57 [notice] 1#1: signal 17 (SIGCHLD) received from 29
2023/07/11 15:43:57 [notice] 1#1: worker process 29 exited with code 0
2023/07/11 15:43:57 [notice] 1#1: exit
2023/07/11 15:44:27 [notice] 1#1: using the "epoll" event method
2023/07/11 15:44:27 [notice] 1#1: nginx/1.25.1
2023/07/11 15:44:27 [notice] 1#1: built by gcc 12.2.1 20220924 (Alpine 12.2.1_git20220924-r4) 
2023/07/11 15:44:27 [notice] 1#1: OS: Linux 5.15.49-linuxkit
2023/07/11 15:44:27 [notice] 1#1: getrlimit(RLIMIT_NOFILE): 1048576:1048576
2023/07/11 15:44:27 [notice] 1#1: start worker processes
2023/07/11 15:44:27 [notice] 1#1: start worker process 28
2023/07/11 15:44:27 [notice] 1#1: start worker process 29
2023/07/11 15:45:20 [notice] 1#1: signal 3 (SIGQUIT) received, shutting down
2023/07/11 15:45:20 [notice] 28#28: gracefully shutting down
2023/07/11 15:45:20 [notice] 29#29: gracefully shutting down
2023/07/11 15:45:20 [notice] 28#28: exiting
2023/07/11 15:45:20 [notice] 28#28: exit
2023/07/11 15:45:20 [notice] 29#29: exiting
2023/07/11 15:45:20 [notice] 29#29: exit
2023/07/11 15:45:20 [notice] 1#1: signal 17 (SIGCHLD) received from 28
2023/07/11 15:45:20 [notice] 1#1: worker process 28 exited with code 0
2023/07/11 15:45:20 [notice] 1#1: signal 29 (SIGIO) received
2023/07/11 15:45:20 [notice] 1#1: signal 17 (SIGCHLD) received from 29
2023/07/11 15:45:20 [notice] 1#1: worker process 29 exited with code 0
2023/07/11 15:45:20 [notice] 1#1: exit
2023/07/11 15:45:59 [notice] 1#1: using the "epoll" event method
2023/07/11 15:45:59 [notice] 1#1: nginx/1.25.1
2023/07/11 15:45:59 [notice] 1#1: built by gcc 12.2.1 20220924 (Alpine 12.2.1_git20220924-r4) 
2023/07/11 15:45:59 [notice] 1#1: OS: Linux 5.15.49-linuxkit
2023/07/11 15:45:59 [notice] 1#1: getrlimit(RLIMIT_NOFILE): 1048576:1048576
2023/07/11 15:45:59 [notice] 1#1: start worker processes
2023/07/11 15:45:59 [notice] 1#1: start worker process 29
2023/07/11 15:45:59 [notice] 1#1: start worker process 30
2023/07/11 15:55:27 [notice] 1#1: signal 3 (SIGQUIT) received, shutting down
2023/07/11 15:55:27 [notice] 29#29: gracefully shutting down
2023/07/11 15:55:27 [notice] 29#29: exiting
2023/07/11 15:55:27 [notice] 30#30: gracefully shutting down
2023/07/11 15:55:27 [notice] 29#29: exit
2023/07/11 15:55:27 [notice] 30#30: exiting
2023/07/11 15:55:27 [notice] 30#30: exit
2023/07/11 15:55:27 [notice] 1#1: signal 17 (SIGCHLD) received from 29
2023/07/11 15:55:27 [notice] 1#1: worker process 29 exited with code 0
2023/07/11 15:55:27 [notice] 1#1: signal 29 (SIGIO) received
2023/07/11 15:55:27 [notice] 1#1: signal 17 (SIGCHLD) received from 30
2023/07/11 15:55:27 [notice] 1#1: worker process 30 exited with code 0
2023/07/11 15:55:27 [notice] 1#1: exit
2023/07/11 15:55:46 [notice] 1#1: using the "epoll" event method
2023/07/11 15:55:46 [notice] 1#1: nginx/1.25.1
2023/07/11 15:55:46 [notice] 1#1: built by gcc 12.2.1 20220924 (Alpine 12.2.1_git20220924-r4) 
2023/07/11 15:55:46 [notice] 1#1: OS: Linux 5.15.49-linuxkit
2023/07/11 15:55:46 [notice] 1#1: getrlimit(RLIMIT_NOFILE): 1048576:1048576
2023/07/11 15:55:46 [notice] 1#1: start worker processes
2023/07/11 15:55:46 [notice] 1#1: start worker process 29
2023/07/11 15:55:46 [notice] 1#1: start worker process 30
2023/07/11 15:57:07 [notice] 1#1: signal 3 (SIGQUIT) received, shutting down
2023/07/11 15:57:07 [notice] 30#30: gracefully shutting down
2023/07/11 15:57:07 [notice] 29#29: gracefully shutting down
2023/07/11 15:57:07 [notice] 30#30: exiting
2023/07/11 15:57:07 [notice] 29#29: exiting
2023/07/11 15:57:07 [notice] 30#30: exit
2023/07/11 15:57:07 [notice] 29#29: exit
2023/07/11 15:57:07 [notice] 1#1: signal 17 (SIGCHLD) received from 30
2023/07/11 15:57:07 [notice] 1#1: worker process 30 exited with code 0
2023/07/11 15:57:07 [notice] 1#1: worker process 29 exited with code 0
2023/07/11 15:57:07 [notice] 1#1: exit
2023/07/11 15:57:41 [notice] 1#1: using the "epoll" event method
2023/07/11 15:57:41 [notice] 1#1: nginx/1.25.1
2023/07/11 15:57:41 [notice] 1#1: built by gcc 12.2.1 20220924 (Alpine 12.2.1_git20220924-r4) 
2023/07/11 15:57:41 [notice] 1#1: OS: Linux 5.15.49-linuxkit
2023/07/11 15:57:41 [notice] 1#1: getrlimit(RLIMIT_NOFILE): 1048576:1048576
2023/07/11 15:57:41 [notice] 1#1: start worker processes
2023/07/11 15:57:41 [notice] 1#1: start worker process 28
2023/07/11 15:57:41 [notice] 1#1: start worker process 29
2023/07/11 15:59:37 [notice] 1#1: signal 3 (SIGQUIT) received, shutting down
2023/07/11 15:59:37 [notice] 28#28: gracefully shutting down
2023/07/11 15:59:37 [notice] 29#29: gracefully shutting down
2023/07/11 15:59:37 [notice] 28#28: exiting
2023/07/11 15:59:37 [notice] 29#29: exiting
2023/07/11 15:59:37 [notice] 28#28: exit
2023/07/11 15:59:37 [notice] 29#29: exit
2023/07/11 15:59:37 [notice] 1#1: signal 17 (SIGCHLD) received from 29
2023/07/11 15:59:37 [notice] 1#1: worker process 29 exited with code 0
2023/07/11 15:59:37 [notice] 1#1: signal 29 (SIGIO) received
2023/07/11 15:59:37 [notice] 1#1: signal 17 (SIGCHLD) received from 28
2023/07/11 15:59:37 [notice] 1#1: worker process 28 exited with code 0
2023/07/11 15:59:37 [notice] 1#1: exit
2023/07/11 15:59:54 [notice] 1#1: using the "epoll" event method
2023/07/11 15:59:54 [notice] 1#1: nginx/1.25.1
2023/07/11 15:59:54 [notice] 1#1: built by gcc 12.2.1 20220924 (Alpine 12.2.1_git20220924-r4) 
2023/07/11 15:59:54 [notice] 1#1: OS: Linux 5.15.49-linuxkit
2023/07/11 15:59:54 [notice] 1#1: getrlimit(RLIMIT_NOFILE): 1048576:1048576
2023/07/11 15:59:54 [notice] 1#1: start worker processes
2023/07/11 15:59:54 [notice] 1#1: start worker process 29
2023/07/11 15:59:54 [notice] 1#1: start worker process 30
2023/07/11 19:06:36 [notice] 1#1: signal 3 (SIGQUIT) received, shutting down
2023/07/11 19:06:36 [notice] 29#29: gracefully shutting down
2023/07/11 19:06:36 [notice] 30#30: gracefully shutting down
2023/07/11 19:06:36 [notice] 29#29: exiting
2023/07/11 19:06:36 [notice] 30#30: exiting
2023/07/11 19:06:36 [notice] 30#30: exit
2023/07/11 19:06:36 [notice] 29#29: exit
2023/07/11 19:06:37 [notice] 1#1: signal 17 (SIGCHLD) received from 30
2023/07/11 19:06:37 [notice] 1#1: worker process 30 exited with code 0
2023/07/11 19:06:37 [notice] 1#1: signal 29 (SIGIO) received
2023/07/11 19:06:37 [notice] 1#1: signal 17 (SIGCHLD) received from 29
2023/07/11 19:06:37 [notice] 1#1: worker process 29 exited with code 0
2023/07/11 19:06:37 [notice] 1#1: exit
2023/07/11 19:07:13 [notice] 1#1: using the "epoll" event method
2023/07/11 19:07:13 [notice] 1#1: nginx/1.25.1
2023/07/11 19:07:13 [notice] 1#1: built by gcc 12.2.1 20220924 (Alpine 12.2.1_git20220924-r4) 
2023/07/11 19:07:13 [notice] 1#1: OS: Linux 5.15.49-linuxkit
2023/07/11 19:07:13 [notice] 1#1: getrlimit(RLIMIT_NOFILE): 1048576:1048576
2023/07/11 19:07:13 [notice] 1#1: start worker processes
2023/07/11 19:07:13 [notice] 1#1: start worker process 29
2023/07/11 19:07:13 [notice] 1#1: start worker process 30
2023/07/11 19:49:41 [notice] 1#1: signal 3 (SIGQUIT) received, shutting down
2023/07/11 19:49:41 [notice] 29#29: gracefully shutting down
2023/07/11 19:49:41 [notice] 30#30: gracefully shutting down
2023/07/11 19:49:41 [notice] 29#29: exiting
2023/07/11 19:49:41 [notice] 30#30: exiting
2023/07/11 19:49:41 [notice] 29#29: exit
2023/07/11 19:49:41 [notice] 30#30: exit
2023/07/11 19:49:41 [notice] 1#1: signal 17 (SIGCHLD) received from 30
2023/07/11 19:49:41 [notice] 1#1: worker process 29 exited with code 0
2023/07/11 19:49:41 [notice] 1#1: worker process 30 exited with code 0
2023/07/11 19:49:41 [notice] 1#1: exit
2023/07/11 19:52:47 [notice] 1#1: using the "epoll" event method
2023/07/11 19:52:47 [notice] 1#1: nginx/1.25.1
2023/07/11 19:52:47 [notice] 1#1: built by gcc 12.2.1 20220924 (Alpine 12.2.1_git20220924-r4) 
2023/07/11 19:52:47 [notice] 1#1: OS: Linux 5.15.49-linuxkit
2023/07/11 19:52:47 [notice] 1#1: getrlimit(RLIMIT_NOFILE): 1048576:1048576
2023/07/11 19:52:47 [notice] 1#1: start worker processes
2023/07/11 19:52:47 [notice] 1#1: start worker process 29
2023/07/11 19:52:47 [notice] 1#1: start worker process 30
2023/07/11 20:00:14 [notice] 1#1: signal 3 (SIGQUIT) received, shutting down
2023/07/11 20:00:14 [notice] 30#30: gracefully shutting down
2023/07/11 20:00:14 [notice] 29#29: gracefully shutting down
2023/07/11 20:00:14 [notice] 30#30: exiting
2023/07/11 20:00:14 [notice] 29#29: exiting
2023/07/11 20:00:14 [notice] 30#30: exit
2023/07/11 20:00:14 [notice] 29#29: exit
2023/07/11 20:00:14 [notice] 1#1: signal 17 (SIGCHLD) received from 30
2023/07/11 20:00:14 [notice] 1#1: worker process 30 exited with code 0
2023/07/11 20:00:14 [notice] 1#1: signal 29 (SIGIO) received
2023/07/11 20:00:14 [notice] 1#1: signal 17 (SIGCHLD) received from 29
2023/07/11 20:00:14 [notice] 1#1: worker process 29 exited with code 0
2023/07/11 20:00:14 [notice] 1#1: exit
2023/07/11 20:01:50 [notice] 1#1: using the "epoll" event method
2023/07/11 20:01:50 [notice] 1#1: nginx/1.25.1
2023/07/11 20:01:50 [notice] 1#1: built by gcc 12.2.1 20220924 (Alpine 12.2.1_git20220924-r4) 
2023/07/11 20:01:50 [notice] 1#1: OS: Linux 5.15.49-linuxkit
2023/07/11 20:01:50 [notice] 1#1: getrlimit(RLIMIT_NOFILE): 1048576:1048576
2023/07/11 20:01:50 [notice] 1#1: start worker processes
2023/07/11 20:01:50 [notice] 1#1: start worker process 29
2023/07/11 20:01:50 [notice] 1#1: start worker process 30
2023/07/11 20:07:46 [notice] 1#1: signal 3 (SIGQUIT) received, shutting down
2023/07/11 20:07:46 [notice] 29#29: gracefully shutting down
2023/07/11 20:07:46 [notice] 30#30: gracefully shutting down
2023/07/11 20:07:46 [notice] 30#30: exiting
2023/07/11 20:07:46 [notice] 29#29: exiting
2023/07/11 20:07:46 [notice] 30#30: exit
2023/07/11 20:07:46 [notice] 29#29: exit
2023/07/11 20:07:46 [notice] 1#1: signal 17 (SIGCHLD) received from 30
2023/07/11 20:07:46 [notice] 1#1: worker process 29 exited with code 0
2023/07/11 20:07:46 [notice] 1#1: worker process 30 exited with code 0
2023/07/11 20:07:46 [notice] 1#1: exit
2023/07/11 20:10:17 [emerg] 1#1: host not found in upstream "php" in /etc/nginx/conf.d/default.conf:14
2023/07/11 20:10:19 [emerg] 1#1: host not found in upstream "php" in /etc/nginx/conf.d/default.conf:14
2023/07/11 20:10:21 [emerg] 1#1: host not found in upstream "php" in /etc/nginx/conf.d/default.conf:14
2023/07/11 20:10:23 [emerg] 1#1: host not found in upstream "php" in /etc/nginx/conf.d/default.conf:14
2023/07/11 20:10:25 [emerg] 1#1: host not found in upstream "php" in /etc/nginx/conf.d/default.conf:14
2023/07/11 20:10:28 [emerg] 1#1: host not found in upstream "php" in /etc/nginx/conf.d/default.conf:14
2023/07/11 20:10:32 [emerg] 1#1: host not found in upstream "php" in /etc/nginx/conf.d/default.conf:14
2023/07/11 20:10:40 [emerg] 1#1: host not found in upstream "php" in /etc/nginx/conf.d/default.conf:14
2023/07/11 20:10:53 [emerg] 1#1: host not found in upstream "php" in /etc/nginx/conf.d/default.conf:14
2023/07/11 20:11:20 [emerg] 1#1: host not found in upstream "php" in /etc/nginx/conf.d/default.conf:14
2023/07/11 20:11:37 [notice] 1#1: using the "epoll" event method
2023/07/11 20:11:37 [notice] 1#1: nginx/1.25.1
2023/07/11 20:11:37 [notice] 1#1: built by gcc 12.2.1 20220924 (Alpine 12.2.1_git20220924-r4) 
2023/07/11 20:11:37 [notice] 1#1: OS: Linux 5.15.49-linuxkit
2023/07/11 20:11:37 [notice] 1#1: getrlimit(RLIMIT_NOFILE): 1048576:1048576
2023/07/11 20:11:37 [notice] 1#1: start worker processes
2023/07/11 20:11:37 [notice] 1#1: start worker process 29
2023/07/11 20:11:37 [notice] 1#1: start worker process 30
2023/07/11 20:12:20 [notice] 1#1: signal 3 (SIGQUIT) received, shutting down
2023/07/11 20:12:20 [notice] 29#29: gracefully shutting down
2023/07/11 20:12:20 [notice] 30#30: gracefully shutting down
2023/07/11 20:12:20 [notice] 30#30: exiting
2023/07/11 20:12:20 [notice] 29#29: exiting
2023/07/11 20:12:20 [notice] 30#30: exit
2023/07/11 20:12:20 [notice] 29#29: exit
2023/07/11 20:12:20 [notice] 1#1: signal 17 (SIGCHLD) received from 30
2023/07/11 20:12:20 [notice] 1#1: worker process 30 exited with code 0
2023/07/11 20:12:20 [notice] 1#1: worker process 29 exited with code 0
2023/07/11 20:12:20 [notice] 1#1: exit
2023/07/11 20:13:23 [notice] 1#1: using the "epoll" event method
2023/07/11 20:13:23 [notice] 1#1: nginx/1.25.1
2023/07/11 20:13:23 [notice] 1#1: built by gcc 12.2.1 20220924 (Alpine 12.2.1_git20220924-r4) 
2023/07/11 20:13:23 [notice] 1#1: OS: Linux 5.15.49-linuxkit
2023/07/11 20:13:23 [notice] 1#1: getrlimit(RLIMIT_NOFILE): 1048576:1048576
2023/07/11 20:13:23 [notice] 1#1: start worker processes
2023/07/11 20:13:23 [notice] 1#1: start worker process 29
2023/07/11 20:13:23 [notice] 1#1: start worker process 30
2023/07/11 20:17:55 [notice] 1#1: signal 3 (SIGQUIT) received, shutting down
2023/07/11 20:17:55 [notice] 29#29: gracefully shutting down
2023/07/11 20:17:55 [notice] 29#29: exiting
2023/07/11 20:17:55 [notice] 30#30: gracefully shutting down
2023/07/11 20:17:55 [notice] 29#29: exit
2023/07/11 20:17:55 [notice] 30#30: exiting
2023/07/11 20:17:55 [notice] 30#30: exit
2023/07/11 20:17:55 [notice] 1#1: signal 17 (SIGCHLD) received from 29
2023/07/11 20:17:55 [notice] 1#1: worker process 29 exited with code 0
2023/07/11 20:17:55 [notice] 1#1: signal 29 (SIGIO) received
2023/07/11 20:17:55 [notice] 1#1: signal 17 (SIGCHLD) received from 30
2023/07/11 20:17:55 [notice] 1#1: worker process 30 exited with code 0
2023/07/11 20:17:55 [notice] 1#1: exit
2023/07/11 20:18:24 [notice] 1#1: using the "epoll" event method
2023/07/11 20:18:24 [notice] 1#1: nginx/1.25.1
2023/07/11 20:18:24 [notice] 1#1: built by gcc 12.2.1 20220924 (Alpine 12.2.1_git20220924-r4) 
2023/07/11 20:18:24 [notice] 1#1: OS: Linux 5.15.49-linuxkit
2023/07/11 20:18:24 [notice] 1#1: getrlimit(RLIMIT_NOFILE): 1048576:1048576
2023/07/11 20:18:24 [notice] 1#1: start worker processes
2023/07/11 20:18:24 [notice] 1#1: start worker process 29
2023/07/11 20:18:24 [notice] 1#1: start worker process 30
2023/07/11 20:22:33 [notice] 1#1: signal 3 (SIGQUIT) received, shutting down
2023/07/11 20:22:33 [notice] 29#29: gracefully shutting down
2023/07/11 20:22:33 [notice] 30#30: gracefully shutting down
2023/07/11 20:22:33 [notice] 29#29: exiting
2023/07/11 20:22:33 [notice] 30#30: exiting
2023/07/11 20:22:33 [notice] 29#29: exit
2023/07/11 20:22:33 [notice] 30#30: exit
2023/07/11 20:22:33 [notice] 1#1: signal 17 (SIGCHLD) received from 29
2023/07/11 20:22:33 [notice] 1#1: worker process 29 exited with code 0
2023/07/11 20:22:33 [notice] 1#1: signal 29 (SIGIO) received
2023/07/11 20:22:33 [notice] 1#1: signal 17 (SIGCHLD) received from 30
2023/07/11 20:22:33 [notice] 1#1: worker process 30 exited with code 0
2023/07/11 20:22:33 [notice] 1#1: exit
